  stdafx.cpp
C:\Users\Duyen\OneDrive\Documents\SVG-src3\SVG-src3\SVG-main\SVGDemo\stdafx.cpp(61,28): warning C4267: 'initializing': conversion from 'size_t' to 'int', possible loss of data
C:\Users\Duyen\OneDrive\Documents\SVG-src3\SVG-src3\SVG-main\SVGDemo\stdafx.cpp(91,28): warning C4267: 'initializing': conversion from 'size_t' to 'int', possible loss of data
C:\Users\Duyen\OneDrive\Documents\SVG-src3\SVG-src3\SVG-main\SVGDemo\stdafx.cpp(102,24): warning C4267: '=': conversion from 'size_t' to 'int', possible loss of data
  SVGDemo.cpp
C:\Users\Duyen\OneDrive\Documents\SVG-src3\SVG-src3\SVG-main\SVGDemo\SVGDemo.cpp(189,15): warning C4244: 'return': conversion from 'WPARAM' to 'int', possible loss of data
C:\Users\Duyen\OneDrive\Documents\SVG-src3\SVG-src3\SVG-main\SVGDemo\SVGDemo.cpp(144,25): warning C4101: 'hdc': unreferenced local variable
C:\Users\Duyen\OneDrive\Documents\SVG-src3\SVG-src3\SVG-main\SVGDemo\SVGDemo.cpp(145,25): warning C4101: 'ps': unreferenced local variable
  CircleSVG.cpp
C:\Users\Duyen\OneDrive\Documents\SVG-src3\SVG-src3\SVG-main\SVGDemo\src\CircleSVG.cpp(20,30): warning C4244: 'argument': conversion from 'double' to 'Gdiplus::REAL', possible loss of data
C:\Users\Duyen\OneDrive\Documents\SVG-src3\SVG-src3\SVG-main\SVGDemo\src\CircleSVG.cpp(21,63): warning C4244: 'argument': conversion from 'int' to 'Gdiplus::REAL', possible loss of data
C:\Users\Duyen\OneDrive\Documents\SVG-src3\SVG-src3\SVG-main\SVGDemo\src\CircleSVG.cpp(22,70): warning C4244: 'argument': conversion from 'double' to 'INT', possible loss of data
C:\Users\Duyen\OneDrive\Documents\SVG-src3\SVG-src3\SVG-main\SVGDemo\src\CircleSVG.cpp(22,58): warning C4244: 'argument': conversion from 'double' to 'INT', possible loss of data
C:\Users\Duyen\OneDrive\Documents\SVG-src3\SVG-src3\SVG-main\SVGDemo\src\CircleSVG.cpp(22,41): warning C4244: 'argument': conversion from 'double' to 'INT', possible loss of data
C:\Users\Duyen\OneDrive\Documents\SVG-src3\SVG-src3\SVG-main\SVGDemo\src\CircleSVG.cpp(22,23): warning C4244: 'argument': conversion from 'double' to 'INT', possible loss of data
C:\Users\Duyen\OneDrive\Documents\SVG-src3\SVG-src3\SVG-main\SVGDemo\src\CircleSVG.cpp(38,33): warning C4244: '=': conversion from 'int' to 'float', possible loss of data
C:\Users\Duyen\OneDrive\Documents\SVG-src3\SVG-src3\SVG-main\SVGDemo\src\CircleSVG.cpp(42,33): warning C4244: '=': conversion from 'int' to 'float', possible loss of data
  EllipseSVG.cpp
C:\Users\Duyen\OneDrive\Documents\SVG-src3\SVG-src3\SVG-main\SVGDemo\src\EllipseSVG.cpp(15,63): warning C4244: 'argument': conversion from 'int' to 'Gdiplus::REAL', possible loss of data
C:\Users\Duyen\OneDrive\Documents\SVG-src3\SVG-src3\SVG-main\SVGDemo\src\EllipseSVG.cpp(16,66): warning C4244: 'argument': conversion from 'float' to 'INT', possible loss of data
C:\Users\Duyen\OneDrive\Documents\SVG-src3\SVG-src3\SVG-main\SVGDemo\src\EllipseSVG.cpp(16,53): warning C4244: 'argument': conversion from 'float' to 'INT', possible loss of data
C:\Users\Duyen\OneDrive\Documents\SVG-src3\SVG-src3\SVG-main\SVGDemo\src\EllipseSVG.cpp(16,34): warning C4244: 'argument': conversion from 'float' to 'INT', possible loss of data
C:\Users\Duyen\OneDrive\Documents\SVG-src3\SVG-src3\SVG-main\SVGDemo\src\EllipseSVG.cpp(16,19): warning C4244: 'argument': conversion from 'float' to 'INT', possible loss of data
C:\Users\Duyen\OneDrive\Documents\SVG-src3\SVG-src3\SVG-main\SVGDemo\src\EllipseSVG.cpp(23,30): warning C4244: 'argument': conversion from 'double' to 'Gdiplus::REAL', possible loss of data
C:\Users\Duyen\OneDrive\Documents\SVG-src3\SVG-src3\SVG-main\SVGDemo\src\EllipseSVG.cpp(39,29): warning C4244: '=': conversion from 'int' to 'float', possible loss of data
C:\Users\Duyen\OneDrive\Documents\SVG-src3\SVG-src3\SVG-main\SVGDemo\src\EllipseSVG.cpp(43,29): warning C4244: '=': conversion from 'int' to 'float', possible loss of data
C:\Users\Duyen\OneDrive\Documents\SVG-src3\SVG-src3\SVG-main\SVGDemo\src\EllipseSVG.cpp(47,33): warning C4244: '=': conversion from 'int' to 'float', possible loss of data
C:\Users\Duyen\OneDrive\Documents\SVG-src3\SVG-src3\SVG-main\SVGDemo\src\EllipseSVG.cpp(51,33): warning C4244: '=': conversion from 'int' to 'float', possible loss of data
  LineSVG.cpp
C:\Users\Duyen\OneDrive\Documents\SVG-src3\SVG-src3\SVG-main\SVGDemo\src\LineSVG.cpp(19,30): warning C4244: 'argument': conversion from 'double' to 'Gdiplus::REAL', possible loss of data
C:\Users\Duyen\OneDrive\Documents\SVG-src3\SVG-src3\SVG-main\SVGDemo\src\LineSVG.cpp(20,63): warning C4244: 'argument': conversion from 'int' to 'Gdiplus::REAL', possible loss of data
C:\Users\Duyen\OneDrive\Documents\SVG-src3\SVG-src3\SVG-main\SVGDemo\src\LineSVG.cpp(34,32): warning C4244: '=': conversion from 'int' to 'float', possible loss of data
C:\Users\Duyen\OneDrive\Documents\SVG-src3\SVG-src3\SVG-main\SVGDemo\src\LineSVG.cpp(38,32): warning C4244: '=': conversion from 'int' to 'float', possible loss of data
C:\Users\Duyen\OneDrive\Documents\SVG-src3\SVG-src3\SVG-main\SVGDemo\src\LineSVG.cpp(42,30): warning C4244: '=': conversion from 'int' to 'float', possible loss of data
C:\Users\Duyen\OneDrive\Documents\SVG-src3\SVG-src3\SVG-main\SVGDemo\src\LineSVG.cpp(46,30): warning C4244: '=': conversion from 'int' to 'float', possible loss of data
  PathSVG.cpp
C:\Users\Duyen\OneDrive\Documents\SVG-src3\SVG-src3\SVG-main\SVGDemo\src\PathSVG.cpp(38,30): warning C4244: 'argument': conversion from 'double' to 'Gdiplus::REAL', possible loss of data
C:\Users\Duyen\OneDrive\Documents\SVG-src3\SVG-src3\SVG-main\SVGDemo\src\PathSVG.cpp(40,63): warning C4244: 'argument': conversion from 'int' to 'Gdiplus::REAL', possible loss of data
  PolygonSVG.cpp
C:\Users\Duyen\OneDrive\Documents\SVG-src3\SVG-src3\SVG-main\SVGDemo\src\PolygonSVG.cpp(14,63): warning C4244: 'argument': conversion from 'int' to 'Gdiplus::REAL', possible loss of data
C:\Users\Duyen\OneDrive\Documents\SVG-src3\SVG-src3\SVG-main\SVGDemo\src\PolygonSVG.cpp(26,30): warning C4244: 'argument': conversion from 'double' to 'Gdiplus::REAL', possible loss of data
C:\Users\Duyen\OneDrive\Documents\SVG-src3\SVG-src3\SVG-main\SVGDemo\src\PolygonSVG.cpp(28,48): warning C4267: 'argument': conversion from 'size_t' to 'INT', possible loss of data
C:\Users\Duyen\OneDrive\Documents\SVG-src3\SVG-src3\SVG-main\SVGDemo\src\PolygonSVG.cpp(29,46): warning C4267: 'argument': conversion from 'size_t' to 'INT', possible loss of data
  PolylineSVG.cpp
C:\Users\Duyen\OneDrive\Documents\SVG-src3\SVG-src3\SVG-main\SVGDemo\src\PolylineSVG.cpp(14,63): warning C4244: 'argument': conversion from 'int' to 'Gdiplus::REAL', possible loss of data
C:\Users\Duyen\OneDrive\Documents\SVG-src3\SVG-src3\SVG-main\SVGDemo\src\PolylineSVG.cpp(23,30): warning C4244: 'argument': conversion from 'double' to 'Gdiplus::REAL', possible loss of data
C:\Users\Duyen\OneDrive\Documents\SVG-src3\SVG-src3\SVG-main\SVGDemo\src\PolylineSVG.cpp(28,48): warning C4267: 'argument': conversion from 'size_t' to 'INT', possible loss of data
C:\Users\Duyen\OneDrive\Documents\SVG-src3\SVG-src3\SVG-main\SVGDemo\src\PolylineSVG.cpp(30,48): warning C4267: 'argument': conversion from 'size_t' to 'INT', possible loss of data
  RectangleSVG.cpp
C:\Users\Duyen\OneDrive\Documents\SVG-src3\SVG-src3\SVG-main\SVGDemo\src\RectangleSVG.cpp(21,30): warning C4244: 'argument': conversion from 'double' to 'Gdiplus::REAL', possible loss of data
C:\Users\Duyen\OneDrive\Documents\SVG-src3\SVG-src3\SVG-main\SVGDemo\src\RectangleSVG.cpp(24,63): warning C4244: 'argument': conversion from 'int' to 'Gdiplus::REAL', possible loss of data
C:\Users\Duyen\OneDrive\Documents\SVG-src3\SVG-src3\SVG-main\SVGDemo\src\RectangleSVG.cpp(25,29): warning C4244: 'argument': conversion from 'float' to 'INT', possible loss of data
C:\Users\Duyen\OneDrive\Documents\SVG-src3\SVG-src3\SVG-main\SVGDemo\src\RectangleSVG.cpp(25,20): warning C4244: 'argument': conversion from 'float' to 'INT', possible loss of data
C:\Users\Duyen\OneDrive\Documents\SVG-src3\SVG-src3\SVG-main\SVGDemo\src\RectangleSVG.cpp(42,33): warning C4244: '=': conversion from 'int' to 'float', possible loss of data
C:\Users\Duyen\OneDrive\Documents\SVG-src3\SVG-src3\SVG-main\SVGDemo\src\RectangleSVG.cpp(46,33): warning C4244: '=': conversion from 'int' to 'float', possible loss of data
  Shape.cpp
  TextSVG.cpp
C:\Users\Duyen\OneDrive\Documents\SVG-src3\SVG-src3\SVG-main\SVGDemo\src\TextSVG.cpp(24,28): warning C4244: 'argument': conversion from 'int' to 'Gdiplus::REAL', possible loss of data
C:\Users\Duyen\OneDrive\Documents\SVG-src3\SVG-src3\SVG-main\SVGDemo\src\TextSVG.cpp(35,30): warning C4244: 'argument': conversion from 'double' to 'Gdiplus::REAL', possible loss of data
C:\Users\Duyen\OneDrive\Documents\SVG-src3\SVG-src3\SVG-main\SVGDemo\src\TextSVG.cpp(36,37): warning C4244: 'argument': conversion from 'int' to 'Gdiplus::REAL', possible loss of data
C:\Users\Duyen\OneDrive\Documents\SVG-src3\SVG-src3\SVG-main\SVGDemo\src\TextSVG.cpp(36,33): warning C4244: 'argument': conversion from 'int' to 'Gdiplus::REAL', possible loss of data
C:\Users\Duyen\OneDrive\Documents\SVG-src3\SVG-src3\SVG-main\SVGDemo\src\TextSVG.cpp(38,60): warning C4244: 'argument': conversion from 'int' to 'Gdiplus::REAL', possible loss of data
C:\Users\Duyen\OneDrive\Documents\SVG-src3\SVG-src3\SVG-main\SVGDemo\src\TextSVG.cpp(39,63): warning C4244: 'argument': conversion from 'int' to 'Gdiplus::REAL', possible loss of data
  viewBoxSVG.cpp
C:\Users\Duyen\OneDrive\Documents\SVG-src3\SVG-src3\SVG-main\SVGDemo\viewBoxSVG.cpp(16,33): warning C4244: '=': conversion from 'int' to 'float', possible loss of data
C:\Users\Duyen\OneDrive\Documents\SVG-src3\SVG-src3\SVG-main\SVGDemo\viewBoxSVG.cpp(19,33): warning C4244: '=': conversion from 'int' to 'float', possible loss of data
  Generating Code...
  SVGDemo.vcxproj -> C:\Users\Duyen\OneDrive\Documents\SVG-src3\SVG-src3\SVG-main\x64\Debug\SVGDemo.exe
